<?xml version="1.0" encoding="UTF-8"?>
<testsuite name="com.jojoldu.book.springboot.web.IndexControllerTest" tests="1" skipped="0" failures="0" errors="0" timestamp="2022-06-21T12:11:47" hostname="bin-ui-MacBookPro.local" time="0.068">
  <properties/>
  <testcase name="메인페이지_로딩()" classname="com.jojoldu.book.springboot.web.IndexControllerTest" time="0.068"/>
  <system-out><![CDATA[2022-06-21 21:11:47.266  INFO 11987 --- [    Test worker] .b.t.c.SpringBootTestContextBootstrapper : Neither @ContextConfiguration nor @ContextHierarchy found for test class [com.jojoldu.book.springboot.web.IndexControllerTest], using SpringBootContextLoader
2022-06-21 21:11:47.266  INFO 11987 --- [    Test worker] o.s.t.c.support.AbstractContextLoader    : Could not detect default resource locations for test class [com.jojoldu.book.springboot.web.IndexControllerTest]: no resource found for suffixes {-context.xml, Context.groovy}.
2022-06-21 21:11:47.266  INFO 11987 --- [    Test worker] t.c.s.AnnotationConfigContextLoaderUtils : Could not detect default configuration classes for test class [com.jojoldu.book.springboot.web.IndexControllerTest]: IndexControllerTest does not declare any static, non-private, non-final, nested classes annotated with @Configuration.
2022-06-21 21:11:47.268  INFO 11987 --- [    Test worker] .b.t.c.SpringBootTestContextBootstrapper : Found @SpringBootConfiguration com.jojoldu.book.springboot.Application for test class com.jojoldu.book.springboot.web.IndexControllerTest
2022-06-21 21:11:47.269  INFO 11987 --- [    Test worker] .b.t.c.SpringBootTestContextBootstrapper : Loaded default TestExecutionListener class names from location [META-INF/spring.factories]: [org.springframework.security.test.context.support.WithSecurityContextTestExecutionListener, org.springframework.security.test.context.support.ReactorContextTestExecutionListener, org.springframework.boot.test.autoconfigure.restdocs.RestDocsTestExecutionListener, org.springframework.boot.test.autoconfigure.web.client.MockRestServiceServerResetTestExecutionListener, org.springframework.boot.test.autoconfigure.web.servlet.MockMvcPrintOnlyOnFailureTestExecutionListener, org.springframework.boot.test.autoconfigure.web.servlet.WebDriverTestExecutionListener, org.springframework.boot.test.autoconfigure.webservices.client.MockWebServiceServerTestExecutionListener, org.springframework.boot.test.mock.mockito.MockitoTestExecutionListener, org.springframework.boot.test.mock.mockito.ResetMocksTestExecutionListener, org.springframework.test.context.web.ServletTestExecutionListener, org.springframework.test.context.support.DirtiesContextBeforeModesTestExecutionListener, org.springframework.test.context.support.DependencyInjectionTestExecutionListener, org.springframework.test.context.support.DirtiesContextTestExecutionListener, org.springframework.test.context.transaction.TransactionalTestExecutionListener, org.springframework.test.context.jdbc.SqlScriptsTestExecutionListener, org.springframework.test.context.event.EventPublishingTestExecutionListener]
2022-06-21 21:11:47.270  INFO 11987 --- [    Test worker] .b.t.c.SpringBootTestContextBootstrapper : Using TestExecutionListeners: [org.springframework.test.context.web.ServletTestExecutionListener@6e49cc21, org.springframework.test.context.support.DirtiesContextBeforeModesTestExecutionListener@72af95d6, org.springframework.boot.test.mock.mockito.MockitoTestExecutionListener@2b8c9a7b, org.springframework.boot.test.autoconfigure.SpringBootDependencyInjectionTestExecutionListener@253863f1, org.springframework.test.context.support.DirtiesContextTestExecutionListener@5308bb3, org.springframework.test.context.transaction.TransactionalTestExecutionListener@b3fafe6, org.springframework.test.context.jdbc.SqlScriptsTestExecutionListener@442fb3b8, org.springframework.security.test.context.support.WithSecurityContextTestExecutionListener@22ee7727, org.springframework.test.context.event.EventPublishingTestExecutionListener@23021dda, org.springframework.security.test.context.support.ReactorContextTestExecutionListener@55b4c6c3, org.springframework.boot.test.autoconfigure.restdocs.RestDocsTestExecutionListener@6c3f1dbe, org.springframework.boot.test.autoconfigure.web.client.MockRestServiceServerResetTestExecutionListener@3db91851, org.springframework.boot.test.autoconfigure.web.servlet.MockMvcPrintOnlyOnFailureTestExecutionListener@e663ef1, org.springframework.boot.test.autoconfigure.web.servlet.WebDriverTestExecutionListener@7d976320, org.springframework.boot.test.autoconfigure.webservices.client.MockWebServiceServerTestExecutionListener@695153c1, org.springframework.boot.test.mock.mockito.ResetMocksTestExecutionListener@1cdfb52a]
Hibernate: select posts0_.id as id1_0_, posts0_.created_date as created_2_0_, posts0_.modified_date as modified3_0_, posts0_.author as author4_0_, posts0_.content as content5_0_, posts0_.title as title6_0_ from posts posts0_ order by posts0_.id DESC
]]></system-out>
  <system-err><![CDATA[]]></system-err>
</testsuite>
