<?xml version="1.0" encoding="UTF-8"?>
<testsuite name="com.jojoldu.book.springboot.web.ProfileControllerTest" tests="1" skipped="0" failures="0" errors="0" timestamp="2022-06-21T12:11:46" hostname="bin-ui-MacBookPro.local" time="0.196">
  <properties/>
  <testcase name="profile은_인증없이_호출된다()" classname="com.jojoldu.book.springboot.web.ProfileControllerTest" time="0.196"/>
  <system-out><![CDATA[21:11:41.849 [Test worker] DEBUG org.springframework.test.context.BootstrapUtils - Instantiating CacheAwareContextLoaderDelegate from class [org.springframework.test.context.cache.DefaultCacheAwareContextLoaderDelegate]
21:11:41.859 [Test worker] DEBUG org.springframework.test.context.BootstrapUtils - Instantiating BootstrapContext using constructor [public org.springframework.test.context.support.DefaultBootstrapContext(java.lang.Class,org.springframework.test.context.CacheAwareContextLoaderDelegate)]
21:11:41.886 [Test worker] DEBUG org.springframework.test.context.BootstrapUtils - Instantiating TestContextBootstrapper for test class [com.jojoldu.book.springboot.web.ProfileControllerTest] from class [org.springframework.boot.test.context.SpringBootTestContextBootstrapper]
21:11:41.895 [Test worker] INFO org.springframework.boot.test.context.SpringBootTestContextBootstrapper - Neither @ContextConfiguration nor @ContextHierarchy found for test class [com.jojoldu.book.springboot.web.ProfileControllerTest], using SpringBootContextLoader
21:11:41.899 [Test worker] DEBUG org.springframework.test.context.support.AbstractContextLoader - Did not detect default resource location for test class [com.jojoldu.book.springboot.web.ProfileControllerTest]: class path resource [com/jojoldu/book/springboot/web/ProfileControllerTest-context.xml] does not exist
21:11:41.900 [Test worker] DEBUG org.springframework.test.context.support.AbstractContextLoader - Did not detect default resource location for test class [com.jojoldu.book.springboot.web.ProfileControllerTest]: class path resource [com/jojoldu/book/springboot/web/ProfileControllerTestContext.groovy] does not exist
21:11:41.900 [Test worker] INFO org.springframework.test.context.support.AbstractContextLoader - Could not detect default resource locations for test class [com.jojoldu.book.springboot.web.ProfileControllerTest]: no resource found for suffixes {-context.xml, Context.groovy}.
21:11:41.901 [Test worker] INFO org.springframework.test.context.support.AnnotationConfigContextLoaderUtils - Could not detect default configuration classes for test class [com.jojoldu.book.springboot.web.ProfileControllerTest]: ProfileControllerTest does not declare any static, non-private, non-final, nested classes annotated with @Configuration.
21:11:41.969 [Test worker] DEBUG org.springframework.test.context.support.ActiveProfilesUtils - Could not find an 'annotation declaring class' for annotation type [org.springframework.test.context.ActiveProfiles] and class [com.jojoldu.book.springboot.web.ProfileControllerTest]
21:11:42.040 [Test worker] DEBUG org.springframework.context.annotation.ClassPathScanningCandidateComponentProvider - Identified candidate component class: file [/Users/ratel/Desktop/study/try_OM/build/classes/java/main/com/jojoldu/book/springboot/Application.class]
21:11:42.041 [Test worker] INFO org.springframework.boot.test.context.SpringBootTestContextBootstrapper - Found @SpringBootConfiguration com.jojoldu.book.springboot.Application for test class com.jojoldu.book.springboot.web.ProfileControllerTest
21:11:42.133 [Test worker] DEBUG org.springframework.boot.test.context.SpringBootTestContextBootstrapper - @TestExecutionListeners is not present for class [com.jojoldu.book.springboot.web.ProfileControllerTest]: using defaults.
21:11:42.133 [Test worker] INFO org.springframework.boot.test.context.SpringBootTestContextBootstrapper - Loaded default TestExecutionListener class names from location [META-INF/spring.factories]: [org.springframework.security.test.context.support.WithSecurityContextTestExecutionListener, org.springframework.security.test.context.support.ReactorContextTestExecutionListener, org.springframework.boot.test.autoconfigure.restdocs.RestDocsTestExecutionListener, org.springframework.boot.test.autoconfigure.web.client.MockRestServiceServerResetTestExecutionListener, org.springframework.boot.test.autoconfigure.web.servlet.MockMvcPrintOnlyOnFailureTestExecutionListener, org.springframework.boot.test.autoconfigure.web.servlet.WebDriverTestExecutionListener, org.springframework.boot.test.autoconfigure.webservices.client.MockWebServiceServerTestExecutionListener, org.springframework.boot.test.mock.mockito.MockitoTestExecutionListener, org.springframework.boot.test.mock.mockito.ResetMocksTestExecutionListener, org.springframework.test.context.web.ServletTestExecutionListener, org.springframework.test.context.support.DirtiesContextBeforeModesTestExecutionListener, org.springframework.test.context.support.DependencyInjectionTestExecutionListener, org.springframework.test.context.support.DirtiesContextTestExecutionListener, org.springframework.test.context.transaction.TransactionalTestExecutionListener, org.springframework.test.context.jdbc.SqlScriptsTestExecutionListener, org.springframework.test.context.event.EventPublishingTestExecutionListener]
21:11:42.146 [Test worker] INFO org.springframework.boot.test.context.SpringBootTestContextBootstrapper - Using TestExecutionListeners: [org.springframework.test.context.web.ServletTestExecutionListener@4df2273, org.springframework.test.context.support.DirtiesContextBeforeModesTestExecutionListener@67e80c10, org.springframework.boot.test.mock.mockito.MockitoTestExecutionListener@46d9afa6, org.springframework.boot.test.autoconfigure.SpringBootDependencyInjectionTestExecutionListener@4d9edf19, org.springframework.test.context.support.DirtiesContextTestExecutionListener@302fb063, org.springframework.test.context.transaction.TransactionalTestExecutionListener@1780a2fa, org.springframework.test.context.jdbc.SqlScriptsTestExecutionListener@1c2f8b33, org.springframework.security.test.context.support.WithSecurityContextTestExecutionListener@2772e9b8, org.springframework.test.context.event.EventPublishingTestExecutionListener@6a13f99d, org.springframework.security.test.context.support.ReactorContextTestExecutionListener@78161157, org.springframework.boot.test.autoconfigure.restdocs.RestDocsTestExecutionListener@18806b75, org.springframework.boot.test.autoconfigure.web.client.MockRestServiceServerResetTestExecutionListener@288f7ef4, org.springframework.boot.test.autoconfigure.web.servlet.MockMvcPrintOnlyOnFailureTestExecutionListener@5da5b569, org.springframework.boot.test.autoconfigure.web.servlet.WebDriverTestExecutionListener@15719b23, org.springframework.boot.test.autoconfigure.webservices.client.MockWebServiceServerTestExecutionListener@eb1913b, org.springframework.boot.test.mock.mockito.ResetMocksTestExecutionListener@5d9a26c7]
21:11:42.148 [Test worker] DEBUG org.springframework.test.context.support.AbstractDirtiesContextTestExecutionListener - Before test class: context [DefaultTestContext@220a4493 testClass = ProfileControllerTest, testInstance = [null], testMethod = [null], testException = [null], mergedContextConfiguration = [WebMergedContextConfiguration@2c009285 testClass = ProfileControllerTest, locations = '{}', classes = '{class com.jojoldu.book.springboot.Application}', contextInitializerClasses = '[]', activeProfiles = '{}', propertySourceLocations = '{}', propertySourceProperties = '{org.springframework.boot.test.context.SpringBootTestContextBootstrapper=true, server.port=0}', contextCustomizers = set[org.springframework.boot.test.autoconfigure.actuate.metrics.MetricsExportContextCustomizerFactory$DisableMetricExportContextCustomizer@47b911d6, org.springframework.boot.test.autoconfigure.properties.PropertyMappingContextCustomizer@0, org.springframework.boot.test.autoconfigure.web.servlet.WebDriverContextCustomizerFactory$Customizer@2e1c1af6, org.springframework.boot.test.context.filter.ExcludeFilterContextCustomizer@4c428dc3, org.springframework.boot.test.json.DuplicateJsonObjectContextCustomizerFactory$DuplicateJsonObjectContextCustomizer@564ea494, org.springframework.boot.test.mock.mockito.MockitoContextCustomizer@0, org.springframework.boot.test.web.client.TestRestTemplateContextCustomizer@3716fe9b, org.springframework.boot.test.context.SpringBootTestArgs@1, org.springframework.boot.test.context.SpringBootTestWebEnvironment@1e431b51], resourceBasePath = 'src/main/webapp', contextLoader = 'org.springframework.boot.test.context.SpringBootContextLoader', parent = [null]], attributes = map['org.springframework.test.context.web.ServletTestExecutionListener.activateListener' -> false]], class annotated with @DirtiesContext [false] with mode [null].
21:11:42.152 [Test worker] DEBUG org.springframework.test.context.support.DependencyInjectionTestExecutionListener - Performing dependency injection for test context [[DefaultTestContext@220a4493 testClass = ProfileControllerTest, testInstance = com.jojoldu.book.springboot.web.ProfileControllerTest@2afed2c7, testMethod = [null], testException = [null], mergedContextConfiguration = [WebMergedContextConfiguration@2c009285 testClass = ProfileControllerTest, locations = '{}', classes = '{class com.jojoldu.book.springboot.Application}', contextInitializerClasses = '[]', activeProfiles = '{}', propertySourceLocations = '{}', propertySourceProperties = '{org.springframework.boot.test.context.SpringBootTestContextBootstrapper=true, server.port=0}', contextCustomizers = set[org.springframework.boot.test.autoconfigure.actuate.metrics.MetricsExportContextCustomizerFactory$DisableMetricExportContextCustomizer@47b911d6, org.springframework.boot.test.autoconfigure.properties.PropertyMappingContextCustomizer@0, org.springframework.boot.test.autoconfigure.web.servlet.WebDriverContextCustomizerFactory$Customizer@2e1c1af6, org.springframework.boot.test.context.filter.ExcludeFilterContextCustomizer@4c428dc3, org.springframework.boot.test.json.DuplicateJsonObjectContextCustomizerFactory$DuplicateJsonObjectContextCustomizer@564ea494, org.springframework.boot.test.mock.mockito.MockitoContextCustomizer@0, org.springframework.boot.test.web.client.TestRestTemplateContextCustomizer@3716fe9b, org.springframework.boot.test.context.SpringBootTestArgs@1, org.springframework.boot.test.context.SpringBootTestWebEnvironment@1e431b51], resourceBasePath = 'src/main/webapp', contextLoader = 'org.springframework.boot.test.context.SpringBootContextLoader', parent = [null]], attributes = map['org.springframework.test.context.web.ServletTestExecutionListener.activateListener' -> false]]].
21:11:42.169 [Test worker] DEBUG org.springframework.test.context.support.TestPropertySourceUtils - Adding inlined properties to environment: {spring.jmx.enabled=false, org.springframework.boot.test.context.SpringBootTestContextBootstrapper=true, server.port=0}

  .   ____          _            __ _ _
 /\\ / ___'_ __ _ _(_)_ __  __ _ \ \ \ \
( ( )\___ | '_ | '_| | '_ \/ _` | \ \ \ \
 \\/  ___)| |_)| | | | | || (_| |  ) ) ) )
  '  |____| .__|_| |_|_| |_\__, | / / / /
 =========|_|==============|___/=/_/_/_/
 :: Spring Boot ::                (v2.4.1)

2022-06-21 21:11:42.577  INFO 11987 --- [    Test worker] c.j.b.s.web.ProfileControllerTest        : Starting ProfileControllerTest using Java 11.0.14 on bin-ui-MacBookPro.local with PID 11987 (started by ratel in /Users/ratel/Desktop/study/try_OM)
2022-06-21 21:11:42.579  INFO 11987 --- [    Test worker] c.j.b.s.web.ProfileControllerTest        : No active profile set, falling back to default profiles: default
2022-06-21 21:11:43.137  INFO 11987 --- [    Test worker] .s.d.r.c.RepositoryConfigurationDelegate : Bootstrapping Spring Data JPA repositories in DEFAULT mode.
2022-06-21 21:11:43.189  INFO 11987 --- [    Test worker] .s.d.r.c.RepositoryConfigurationDelegate : Finished Spring Data repository scanning in 46 ms. Found 2 JPA repository interfaces.
2022-06-21 21:11:43.761  INFO 11987 --- [    Test worker] o.s.b.w.embedded.tomcat.TomcatWebServer  : Tomcat initialized with port(s): 0 (http)
2022-06-21 21:11:43.772  INFO 11987 --- [    Test worker] o.apache.catalina.core.StandardService   : Starting service [Tomcat]
2022-06-21 21:11:43.772  INFO 11987 --- [    Test worker] org.apache.catalina.core.StandardEngine  : Starting Servlet engine: [Apache Tomcat/9.0.41]
2022-06-21 21:11:43.861  INFO 11987 --- [    Test worker] o.a.c.c.C.[Tomcat].[localhost].[/]       : Initializing Spring embedded WebApplicationContext
2022-06-21 21:11:43.862  INFO 11987 --- [    Test worker] w.s.c.ServletWebServerApplicationContext : Root WebApplicationContext: initialization completed in 1267 ms
2022-06-21 21:11:44.091  INFO 11987 --- [    Test worker] com.zaxxer.hikari.HikariDataSource       : HikariPool-1 - Starting...
2022-06-21 21:11:44.250  INFO 11987 --- [    Test worker] com.zaxxer.hikari.HikariDataSource       : HikariPool-1 - Start completed.
2022-06-21 21:11:44.313  INFO 11987 --- [    Test worker] o.hibernate.jpa.internal.util.LogHelper  : HHH000204: Processing PersistenceUnitInfo [name: default]
2022-06-21 21:11:44.359  INFO 11987 --- [    Test worker] org.hibernate.Version                    : HHH000412: Hibernate ORM core version 5.4.25.Final
2022-06-21 21:11:44.478  INFO 11987 --- [    Test worker] o.hibernate.annotations.common.Version   : HCANN000001: Hibernate Commons Annotations {5.1.2.Final}
2022-06-21 21:11:44.566  INFO 11987 --- [    Test worker] org.hibernate.dialect.Dialect            : HHH000400: Using dialect: org.hibernate.dialect.MySQL57Dialect
Hibernate: drop table if exists posts
Hibernate: drop table if exists user
Hibernate: create table posts (id bigint not null auto_increment, created_date datetime(6), modified_date datetime(6), author varchar(255), content TEXT not null, title varchar(500) not null, primary key (id)) engine=InnoDB
Hibernate: create table user (id bigint not null auto_increment, created_date datetime(6), modified_date datetime(6), email varchar(255) not null, name varchar(255) not null, picture varchar(255), role varchar(255) not null, primary key (id)) engine=InnoDB
2022-06-21 21:11:45.117  INFO 11987 --- [    Test worker] o.h.e.t.j.p.i.JtaPlatformInitiator       : HHH000490: Using JtaPlatform implementation: [org.hibernate.engine.transaction.jta.platform.internal.NoJtaPlatform]
2022-06-21 21:11:45.124  INFO 11987 --- [    Test worker] j.LocalContainerEntityManagerFactoryBean : Initialized JPA EntityManagerFactory for persistence unit 'default'
2022-06-21 21:11:45.577  WARN 11987 --- [    Test worker] JpaBaseConfiguration$JpaWebConfiguration : spring.jpa.open-in-view is enabled by default. Therefore, database queries may be performed during view rendering. Explicitly configure spring.jpa.open-in-view to disable this warning
2022-06-21 21:11:45.958  INFO 11987 --- [    Test worker] o.s.s.web.DefaultSecurityFilterChain     : Will secure any request with [org.springframework.security.web.context.request.async.WebAsyncManagerIntegrationFilter@4b4ee20d, org.springframework.security.web.context.SecurityContextPersistenceFilter@cbc1ac, org.springframework.security.web.header.HeaderWriterFilter@f5d267f, org.springframework.security.web.authentication.logout.LogoutFilter@7f4bd4fc, org.springframework.security.oauth2.client.web.OAuth2AuthorizationRequestRedirectFilter@70a205e8, org.springframework.security.oauth2.client.web.OAuth2LoginAuthenticationFilter@7430b5d1, org.springframework.security.web.authentication.ui.DefaultLoginPageGeneratingFilter@454a45eb, org.springframework.security.web.authentication.ui.DefaultLogoutPageGeneratingFilter@5fc3e2d1, org.springframework.security.web.savedrequest.RequestCacheAwareFilter@1651463d, org.springframework.security.web.servletapi.SecurityContextHolderAwareRequestFilter@4eb25f0a, org.springframework.security.web.authentication.AnonymousAuthenticationFilter@2d14686, org.springframework.security.web.session.SessionManagementFilter@602a83e5, org.springframework.security.web.access.ExceptionTranslationFilter@594a9379, org.springframework.security.web.access.intercept.FilterSecurityInterceptor@f298674]
2022-06-21 21:11:46.158  INFO 11987 --- [    Test worker] o.s.s.concurrent.ThreadPoolTaskExecutor  : Initializing ExecutorService 'applicationTaskExecutor'
2022-06-21 21:11:46.239  INFO 11987 --- [    Test worker] o.s.b.a.w.s.WelcomePageHandlerMapping    : Adding welcome page template: index
2022-06-21 21:11:46.448  INFO 11987 --- [    Test worker] o.s.b.w.embedded.tomcat.TomcatWebServer  : Tomcat started on port(s): 49324 (http) with context path ''
2022-06-21 21:11:46.460  INFO 11987 --- [    Test worker] s.a.ScheduledAnnotationBeanPostProcessor : No TaskScheduler/ScheduledExecutorService bean found for scheduled processing
2022-06-21 21:11:46.468  INFO 11987 --- [    Test worker] c.j.b.s.web.ProfileControllerTest        : Started ProfileControllerTest in 4.296 seconds (JVM running for 5.282)
2022-06-21 21:11:46.618  INFO 11987 --- [o-auto-1-exec-1] o.a.c.c.C.[Tomcat].[localhost].[/]       : Initializing Spring DispatcherServlet 'dispatcherServlet'
2022-06-21 21:11:46.619  INFO 11987 --- [o-auto-1-exec-1] o.s.web.servlet.DispatcherServlet        : Initializing Servlet 'dispatcherServlet'
2022-06-21 21:11:46.620  INFO 11987 --- [o-auto-1-exec-1] o.s.web.servlet.DispatcherServlet        : Completed initialization in 1 ms
]]></system-out>
  <system-err><![CDATA[]]></system-err>
</testsuite>
