<?xml version="1.0" encoding="UTF-8"?>
<testsuite name="com.jojoldu.book.springboot.web.HelloControllerTest" tests="2" skipped="0" failures="0" errors="0" timestamp="2022-06-21T12:11:47" hostname="bin-ui-MacBookPro.local" time="0.096">
  <properties/>
  <testcase name="hello가_리턴된다()" classname="com.jojoldu.book.springboot.web.HelloControllerTest" time="0.029"/>
  <testcase name="helloDto가_리턴된다()" classname="com.jojoldu.book.springboot.web.HelloControllerTest" time="0.066"/>
  <system-out><![CDATA[2022-06-21 21:11:46.676  INFO 11987 --- [    Test worker] .b.t.a.w.s.WebMvcTestContextBootstrapper : Neither @ContextConfiguration nor @ContextHierarchy found for test class [com.jojoldu.book.springboot.web.HelloControllerTest], using SpringBootContextLoader
2022-06-21 21:11:46.676  INFO 11987 --- [    Test worker] o.s.t.c.support.AbstractContextLoader    : Could not detect default resource locations for test class [com.jojoldu.book.springboot.web.HelloControllerTest]: no resource found for suffixes {-context.xml, Context.groovy}.
2022-06-21 21:11:46.676  INFO 11987 --- [    Test worker] t.c.s.AnnotationConfigContextLoaderUtils : Could not detect default configuration classes for test class [com.jojoldu.book.springboot.web.HelloControllerTest]: HelloControllerTest does not declare any static, non-private, non-final, nested classes annotated with @Configuration.
2022-06-21 21:11:46.686  INFO 11987 --- [    Test worker] .b.t.c.SpringBootTestContextBootstrapper : Found @SpringBootConfiguration com.jojoldu.book.springboot.Application for test class com.jojoldu.book.springboot.web.HelloControllerTest
2022-06-21 21:11:46.687  INFO 11987 --- [    Test worker] .b.t.a.w.s.WebMvcTestContextBootstrapper : Loaded default TestExecutionListener class names from location [META-INF/spring.factories]: [org.springframework.security.test.context.support.WithSecurityContextTestExecutionListener, org.springframework.security.test.context.support.ReactorContextTestExecutionListener, org.springframework.boot.test.autoconfigure.restdocs.RestDocsTestExecutionListener, org.springframework.boot.test.autoconfigure.web.client.MockRestServiceServerResetTestExecutionListener, org.springframework.boot.test.autoconfigure.web.servlet.MockMvcPrintOnlyOnFailureTestExecutionListener, org.springframework.boot.test.autoconfigure.web.servlet.WebDriverTestExecutionListener, org.springframework.boot.test.autoconfigure.webservices.client.MockWebServiceServerTestExecutionListener, org.springframework.boot.test.mock.mockito.MockitoTestExecutionListener, org.springframework.boot.test.mock.mockito.ResetMocksTestExecutionListener, org.springframework.test.context.web.ServletTestExecutionListener, org.springframework.test.context.support.DirtiesContextBeforeModesTestExecutionListener, org.springframework.test.context.support.DependencyInjectionTestExecutionListener, org.springframework.test.context.support.DirtiesContextTestExecutionListener, org.springframework.test.context.transaction.TransactionalTestExecutionListener, org.springframework.test.context.jdbc.SqlScriptsTestExecutionListener, org.springframework.test.context.event.EventPublishingTestExecutionListener]
2022-06-21 21:11:46.687  INFO 11987 --- [    Test worker] .b.t.a.w.s.WebMvcTestContextBootstrapper : Using TestExecutionListeners: [org.springframework.test.context.web.ServletTestExecutionListener@77c7832e, org.springframework.test.context.support.DirtiesContextBeforeModesTestExecutionListener@49962430, org.springframework.boot.test.mock.mockito.MockitoTestExecutionListener@6e198251, org.springframework.boot.test.autoconfigure.SpringBootDependencyInjectionTestExecutionListener@758ef25d, org.springframework.test.context.support.DirtiesContextTestExecutionListener@3e1bc131, org.springframework.test.context.transaction.TransactionalTestExecutionListener@46d4c566, org.springframework.test.context.jdbc.SqlScriptsTestExecutionListener@647ddce7, org.springframework.security.test.context.support.WithSecurityContextTestExecutionListener@66e3d62f, org.springframework.test.context.event.EventPublishingTestExecutionListener@691918b, org.springframework.security.test.context.support.ReactorContextTestExecutionListener@660e8bca, org.springframework.boot.test.autoconfigure.restdocs.RestDocsTestExecutionListener@6c1ee908, org.springframework.boot.test.autoconfigure.web.client.MockRestServiceServerResetTestExecutionListener@14b4180a, org.springframework.boot.test.autoconfigure.web.servlet.MockMvcPrintOnlyOnFailureTestExecutionListener@1ea3dede, org.springframework.boot.test.autoconfigure.web.servlet.WebDriverTestExecutionListener@c61461b, org.springframework.boot.test.autoconfigure.webservices.client.MockWebServiceServerTestExecutionListener@17acb836, org.springframework.boot.test.mock.mockito.ResetMocksTestExecutionListener@23ec9681]

  .   ____          _            __ _ _
 /\\ / ___'_ __ _ _(_)_ __  __ _ \ \ \ \
( ( )\___ | '_ | '_| | '_ \/ _` | \ \ \ \
 \\/  ___)| |_)| | | | | || (_| |  ) ) ) )
  '  |____| .__|_| |_|_| |_\__, | / / / /
 =========|_|==============|___/=/_/_/_/
 :: Spring Boot ::                (v2.4.1)

2022-06-21 21:11:46.704  INFO 11987 --- [    Test worker] c.j.b.s.web.HelloControllerTest          : Starting HelloControllerTest using Java 11.0.14 on bin-ui-MacBookPro.local with PID 11987 (started by ratel in /Users/ratel/Desktop/study/try_OM)
2022-06-21 21:11:46.705  INFO 11987 --- [    Test worker] c.j.b.s.web.HelloControllerTest          : No active profile set, falling back to default profiles: default
2022-06-21 21:11:46.941  INFO 11987 --- [    Test worker] o.s.s.concurrent.ThreadPoolTaskExecutor  : Initializing ExecutorService 'applicationTaskExecutor'
2022-06-21 21:11:46.960  INFO 11987 --- [    Test worker] o.s.b.a.w.s.WelcomePageHandlerMapping    : Adding welcome page template: index
2022-06-21 21:11:47.110  INFO 11987 --- [    Test worker] o.s.s.web.DefaultSecurityFilterChain     : Will secure any request with [org.springframework.security.web.context.request.async.WebAsyncManagerIntegrationFilter@3399f89b, org.springframework.security.web.context.SecurityContextPersistenceFilter@2dce2390, org.springframework.security.web.header.HeaderWriterFilter@40323ee, org.springframework.security.web.csrf.CsrfFilter@56ebfae3, org.springframework.security.web.authentication.logout.LogoutFilter@1de2b99b, org.springframework.security.oauth2.client.web.OAuth2AuthorizationRequestRedirectFilter@5bada132, org.springframework.security.oauth2.client.web.OAuth2AuthorizationRequestRedirectFilter@61e38b42, org.springframework.security.oauth2.client.web.OAuth2LoginAuthenticationFilter@787d5592, org.springframework.security.web.authentication.ui.DefaultLoginPageGeneratingFilter@c615e05, org.springframework.security.web.authentication.ui.DefaultLogoutPageGeneratingFilter@3a015e84, org.springframework.security.web.savedrequest.RequestCacheAwareFilter@1720d654, org.springframework.security.web.servletapi.SecurityContextHolderAwareRequestFilter@a219b0d, org.springframework.security.web.authentication.AnonymousAuthenticationFilter@398585ee, org.springframework.security.oauth2.client.web.OAuth2AuthorizationCodeGrantFilter@1858ed0b, org.springframework.security.web.session.SessionManagementFilter@5de2dc90, org.springframework.security.web.access.ExceptionTranslationFilter@db6ec59, org.springframework.security.web.access.intercept.FilterSecurityInterceptor@23607dc4]
2022-06-21 21:11:47.148  INFO 11987 --- [    Test worker] o.s.b.t.m.w.SpringBootMockServletContext : Initializing Spring TestDispatcherServlet ''
2022-06-21 21:11:47.148  INFO 11987 --- [    Test worker] o.s.t.web.servlet.TestDispatcherServlet  : Initializing Servlet ''
2022-06-21 21:11:47.148  INFO 11987 --- [    Test worker] o.s.t.web.servlet.TestDispatcherServlet  : Completed initialization in 0 ms
2022-06-21 21:11:47.160  INFO 11987 --- [    Test worker] c.j.b.s.web.HelloControllerTest          : Started HelloControllerTest in 0.467 seconds (JVM running for 5.974)
]]></system-out>
  <system-err><![CDATA[]]></system-err>
</testsuite>
